<?xml version="1.0" encoding="UTF-8"?>
<!-- Generated by org.testng.reporters.JUnitReportReporter -->
<testsuite hostname="Ankurs-MacBook-Pro.local" name="com.test.automation.UiAutomation.homepage.TC001_verifyloginwithInvalidCredentials" tests="1" failures="0" timestamp="26 Oct 2017 01:34:17 GMT" time="4.834" errors="0">
  <testcase name="verifyloginwithInvalidCredentials" time="4.834" classname="com.test.automation.UiAutomation.homepage.TC001_verifyloginwithInvalidCredentials"/>
</testsuite> <!-- com.test.automation.UiAutomation.homepage.TC001_verifyloginwithInvalidCredentials -->
